waiting to take filesystem lock on /Users/wei/dev/tools/vcpkg/.vcpkg-root...
Detecting compiler hash for triplet arm64-osx...
Compiler found: /Applications/Xcode.app/Contents/Developer/Toolchains/XcodeDefault.xctoolchain/usr/bin/c++
The following packages will be built and installed:
    curl[core,non-http,openssl,ssl]:arm64-osx@8.17.0
  * openssl:arm64-osx@3.6.0#3
  * vcpkg-cmake:arm64-osx@2024-04-23
  * vcpkg-cmake-config:arm64-osx@2024-05-23
  * vcpkg-cmake-get-vars:arm64-osx@2025-05-29
  * zlib:arm64-osx@1.3.1
Additional packages (*) will be modified to complete this operation.
Restored 6 package(s) from /Users/wei/.cache/vcpkg/archives in 276 ms. Use --debug to see more details.
Installing 1/6 vcpkg-cmake:arm64-osx@2024-04-23...
Elapsed time to handle vcpkg-cmake:arm64-osx: 2.78 ms
vcpkg-cmake:arm64-osx package ABI: 0f88a4af3c0f86fac4b7078703b6e393aedd99e8d460bbe4827c67d3fa2246cd
Installing 2/6 vcpkg-cmake-get-vars:arm64-osx@2025-05-29...
Elapsed time to handle vcpkg-cmake-get-vars:arm64-osx: 2.39 ms
vcpkg-cmake-get-vars:arm64-osx package ABI: 17e3c8f0c71912661d3fb55e847e02655051b8a920b0ab9fb26e60af6aac36a5
Installing 3/6 vcpkg-cmake-config:arm64-osx@2024-05-23...
Elapsed time to handle vcpkg-cmake-config:arm64-osx: 1.81 ms
vcpkg-cmake-config:arm64-osx package ABI: a05bfe2efe0b3e00e4f498c1efedac9524a3acf2f4e339066fab1e8bc109f178
Installing 4/6 openssl:arm64-osx@3.6.0#3...
Elapsed time to handle openssl:arm64-osx: 44.3 ms
openssl:arm64-osx package ABI: 29e0401f7880a91887251a6a5003d1cf778f2baa786008fe12307b5606858394
Installing 5/6 zlib:arm64-osx@1.3.1...
Elapsed time to handle zlib:arm64-osx: 3.6 ms
zlib:arm64-osx package ABI: f4031346be81ca01967c6c66712094d34e2dcd7b07291ae78f5d875674d02603
Installing 6/6 curl[core,non-http,openssl,ssl]:arm64-osx@8.17.0...
Elapsed time to handle curl:arm64-osx: 9.89 ms
curl:arm64-osx package ABI: bee37450affbcdc231d7d8a02774886b9a152fb427fc0e7644330dc4a18fcfe9
Installed contents are licensed to you by owners. Microsoft is not responsible for, nor does it grant any licenses to, third-party packages.
Packages installed in this vcpkg installation declare the following licenses:
Apache-2.0
BSD-3-Clause
ISC
MIT
Zlib
curl
curl is compatible with built-in CMake targets:

    find_package(CURL REQUIRED)
    target_link_libraries(main PRIVATE CURL::libcurl)

All requested installations completed successfully in: 66.4 ms
